app/build/intermediates/manifest_merge_blame_file/debug/manifest-merger-blame-debug-report.txt
1<?xml version="1.0" encoding="utf-8"?>
2<manifest xmlns:android="http://schemas.android.com/apk/res/android"
3    package="com.softsec.mobsec.dae.apimonitor"
4    android:versionCode="1"
5    android:versionName="1.0" >
6
7    <uses-sdk
8        android:minSdkVersion="19"
8-->src/main/AndroidManifest.xml
9        android:targetSdkVersion="26" />
9-->src/main/AndroidManifest.xml
10
11    <!-- 读写内部存储 -->
12    <uses-permission android:name="android.permission.WRITE_EXTERNAL_STORAGE" />
12-->src/main/AndroidManifest.xml:7:5-81
12-->src/main/AndroidManifest.xml:7:22-78
13    <uses-permission android:name="android.permission.READ_EXTERNAL_STORAGE" />
13-->src/main/AndroidManifest.xml:8:5-80
13-->src/main/AndroidManifest.xml:8:22-77
14
15    <!-- 联网 -->
16    <uses-permission android:name="android.permission.INTERNET" />
16-->src/main/AndroidManifest.xml:11:5-67
16-->src/main/AndroidManifest.xml:11:22-64
17
18    <application
18-->src/main/AndroidManifest.xml:13:5-49:19
19        android:name="com.softsec.mobsec.dae.apimonitor.MyApplication"
19-->src/main/AndroidManifest.xml:14:9-38
20        android:allowBackup="true"
20-->src/main/AndroidManifest.xml:15:9-35
21        android:debuggable="true"
22        android:fullBackupContent="@xml/backup_descriptor"
22-->src/main/AndroidManifest.xml:22:9-59
23        android:hardwareAccelerated="false"
23-->src/main/AndroidManifest.xml:23:9-44
24        android:icon="@mipmap/ic_launcher"
24-->src/main/AndroidManifest.xml:16:9-43
25        android:label="@string/app_name"
25-->src/main/AndroidManifest.xml:17:9-41
26        android:largeHeap="true"
26-->src/main/AndroidManifest.xml:24:9-33
27        android:roundIcon="@mipmap/ic_launcher_round"
27-->src/main/AndroidManifest.xml:18:9-54
28        android:supportsRtl="true"
28-->src/main/AndroidManifest.xml:19:9-35
29        android:theme="@style/AppTheme" >
29-->src/main/AndroidManifest.xml:20:9-40
30        <activity android:name="com.softsec.mobsec.dae.apimonitor.ui.MainActivity" >
30-->src/main/AndroidManifest.xml:25:9-30:20
30-->src/main/AndroidManifest.xml:25:19-83
31            <intent-filter>
31-->src/main/AndroidManifest.xml:26:13-29:29
32                <action android:name="android.intent.action.MAIN" />
32-->src/main/AndroidManifest.xml:27:17-69
32-->src/main/AndroidManifest.xml:27:25-66
33
34                <category android:name="android.intent.category.LAUNCHER" />
34-->src/main/AndroidManifest.xml:28:17-77
34-->src/main/AndroidManifest.xml:28:27-74
35            </intent-filter>
36        </activity>
37        <activity android:name="com.softsec.mobsec.dae.apimonitor.ui.ChooseAppActivity" />
37-->src/main/AndroidManifest.xml:31:9-91
37-->src/main/AndroidManifest.xml:31:19-88
38        <activity android:name="com.softsec.mobsec.dae.apimonitor.ui.RecordListActivity" />
38-->src/main/AndroidManifest.xml:32:9-91
38-->src/main/AndroidManifest.xml:32:19-89
39        <activity android:name="com.softsec.mobsec.dae.apimonitor.ui.RecordContentActivity" />
39-->src/main/AndroidManifest.xml:33:9-61
39-->src/main/AndroidManifest.xml:33:19-59
40
41        <service
41-->src/main/AndroidManifest.xml:35:9-38:15
42            android:name="com.softsec.mobsec.dae.apimonitor.service.MainService"
42-->src/main/AndroidManifest.xml:36:13-81
43            android:exported="true" />
43-->src/main/AndroidManifest.xml:37:13-36
44
45        <receiver android:name="com.softsec.mobsec.dae.apimonitor.broadcastreceiver.DaeBCReceiver" >
45-->src/main/AndroidManifest.xml:40:9-44:20
45-->src/main/AndroidManifest.xml:40:19-66
46            <intent-filter>
46-->src/main/AndroidManifest.xml:41:13-43:29
47                <action android:name="ACTION_DAE_TASK" />
47-->src/main/AndroidManifest.xml:42:17-57
47-->src/main/AndroidManifest.xml:42:25-55
48            </intent-filter>
49        </receiver>
50
51        <meta-data
51-->src/main/AndroidManifest.xml:46:9-71
52            android:name="xposedmodule"
52-->src/main/AndroidManifest.xml:46:20-47
53            android:value="true" />
53-->src/main/AndroidManifest.xml:46:48-68
54        <meta-data
54-->src/main/AndroidManifest.xml:47:9-73
55            android:name="xposedminversion"
55-->src/main/AndroidManifest.xml:47:20-51
56            android:value="82" />
56-->src/main/AndroidManifest.xml:47:52-70
57        <meta-data
57-->src/main/AndroidManifest.xml:48:9-135
58            android:name="xposeddescription"
58-->src/main/AndroidManifest.xml:48:20-52
59            android:value="Monitor the senstive API that concern your private information " />
59-->src/main/AndroidManifest.xml:48:53-132
60        <meta-data
60-->[com.android.support:appcompat-v7:26.1.0] AndroidManifest.xml:26:9-28:38
61            android:name="android.support.VERSION"
61-->[com.android.support:appcompat-v7:26.1.0] AndroidManifest.xml:27:13-51
62            android:value="26.1.0" />
62-->[com.android.support:appcompat-v7:26.1.0] AndroidManifest.xml:28:13-35
63        <meta-data
63-->[android.arch.lifecycle:runtime:1.0.0] AndroidManifest.xml:25:9-27:47
64            android:name="android.arch.lifecycle.VERSION"
64-->[android.arch.lifecycle:runtime:1.0.0] AndroidManifest.xml:26:13-58
65            android:value="27.0.0-SNAPSHOT" />
65-->[android.arch.lifecycle:runtime:1.0.0] AndroidManifest.xml:27:13-44
66    </application>
67
68</manifest>